<?xml version="1.0" encoding="UTF-8"?>
<!-- Generated by org.testng.reporters.JUnitReportReporter -->
<testsuite hostname="DESKTOP-RFEGN1C" failures="0" tests="6" name="test.DDTests" time="5.322" errors="0" timestamp="2024-04-15T13:42:02 TRT" skipped="0">
  <testcase classname="test.DDTests" name="testCreateUser" time="0.672"/>
  <testcase classname="test.DDTests" name="testCreateUser" time="0.693"/>
  <testcase classname="test.DDTests" name="testCreateUser" time="1.931"/>
  <testcase classname="test.DDTests" name="testDeleteUser" time="0.695"/>
  <testcase classname="test.DDTests" name="testDeleteUser" time="0.657"/>
  <testcase classname="test.DDTests" name="testDeleteUser" time="0.674"/>
</testsuite> <!-- test.DDTests -->
