<?xml version="1.0" encoding="UTF-8"?>
<!-- Generated by org.testng.reporters.JUnitReportReporter -->
<testsuite hostname="DESKTOP-RFEGN1C" failures="0" tests="3" name="test.UserTestsProperties" time="2.797" errors="0" timestamp="2024-05-15T12:26:54 TRT" skipped="0">
  <testcase classname="test.UserTestsProperties" name="testCreateUser" time="0.710"/>
  <testcase classname="test.UserTestsProperties" name="testReadUser" time="0.684"/>
  <testcase classname="test.UserTestsProperties" name="testUpdateUser" time="1.403"/>
</testsuite> <!-- test.UserTestsProperties -->
