<?xml version="1.0" encoding="UTF-8"?>
<!-- Generated by org.testng.reporters.JUnitReportReporter -->
<testsuite hostname="DESKTOP-RFEGN1C" failures="0" tests="4" name="test.UserTests" time="4.875" errors="0" timestamp="2024-05-15T12:26:54 TRT" skipped="0">
  <testcase classname="test.UserTests" name="testCreateUser" time="2.087"/>
  <testcase classname="test.UserTests" name="testReadUser" time="0.712"/>
  <testcase classname="test.UserTests" name="testUpdateUser" time="1.394"/>
  <testcase classname="test.UserTests" name="testDeleteUser" time="0.682"/>
</testsuite> <!-- test.UserTests -->
